
> test-example-shopping-mall@0.0.0 build-storybook
> storybook build --output-dir /var/folders/1f/4r6ddql90zv2tw9sl0xvwg300000gn/T/chromatic--9705-6MwGQtA3yfNF

@storybook/cli v7.0.27

info => Cleaning outputDir: /var/folders/1f/4r6ddql90zv2tw9sl0xvwg300000gn/T/chromatic--9705-6MwGQtA3yfNF
info => Loading presets
info => Building manager..
info => Manager built (124 ms)
info => Copying static files: /Users/jeongsoyun/study/fe-testing-study/node_modules/@storybook/manager/static at /var/folders/1f/4r6ddql90zv2tw9sl0xvwg300000gn/T/chromatic--9705-6MwGQtA3yfNF/sb-common-assets
WARN No story files found for the specified pattern: src/**/*.mdx
vite v4.4.4 building for production...

./sb-common-assets/fonts.css doesn't exist at build time, it will remain unchanged to be resolved at runtime
transforming...
node_modules/telejson/dist/index.mjs (1394:15) Use of eval in "node_modules/telejson/dist/index.mjs" is strongly discouraged as it poses security risks and may cause issues with minification.
node_modules/telejson/dist/index.mjs (1397:18) Use of eval in "node_modules/telejson/dist/index.mjs" is strongly discouraged as it poses security risks and may cause issues with minification.
✓ 13375 modules transformed.
rendering chunks...
[plugin:vite:reporter] 
(!) /Users/jeongsoyun/study/fe-testing-study/node_modules/@storybook/components/dist/index.mjs is dynamically imported by /Users/jeongsoyun/study/fe-testing-study/node_modules/@storybook/blocks/dist/index.mjs but also statically imported by /Users/jeongsoyun/study/fe-testing-study/node_modules/@storybook/blocks/dist/Color-3YIJY6X7.mjs, /Users/jeongsoyun/study/fe-testing-study/node_modules/@storybook/blocks/dist/index.mjs, dynamic import will not move module into another chunk.

computing gzip size...
../../../../var/folders/1f/4r6ddql90zv2tw9sl0xvwg300000gn/T/chromatic--9705-6MwGQtA3yfNF/iframe.html                                                                  12.87 kB │ gzip:   3.79 kB
../../../../var/folders/1f/4r6ddql90zv2tw9sl0xvwg300000gn/T/chromatic--9705-6MwGQtA3yfNF/assets/preview-9f91781d.css                                                   7.93 kB │ gzip:   3.19 kB
../../../../var/folders/1f/4r6ddql90zv2tw9sl0xvwg300000gn/T/chromatic--9705-6MwGQtA3yfNF/assets/isHostComponent-73d6e646.js                                            0.11 kB │ gzip:   0.13 kB │ map:     0.54 kB
../../../../var/folders/1f/4r6ddql90zv2tw9sl0xvwg300000gn/T/chromatic--9705-6MwGQtA3yfNF/assets/url-4d8afc52.js                                                        0.12 kB │ gzip:   0.14 kB │ map:     0.40 kB
../../../../var/folders/1f/4r6ddql90zv2tw9sl0xvwg300000gn/T/chromatic--9705-6MwGQtA3yfNF/assets/formatter-3c152279.js                                                  0.15 kB │ gzip:   0.15 kB │ map:     0.59 kB
../../../../var/folders/1f/4r6ddql90zv2tw9sl0xvwg300000gn/T/chromatic--9705-6MwGQtA3yfNF/assets/useEnhancedEffect-c45cae33.js                                          0.17 kB │ gzip:   0.16 kB │ map:     0.58 kB
../../../../var/folders/1f/4r6ddql90zv2tw9sl0xvwg300000gn/T/chromatic--9705-6MwGQtA3yfNF/assets/isMuiElement-08f54e3c.js                                               0.18 kB │ gzip:   0.17 kB │ map:     0.59 kB
../../../../var/folders/1f/4r6ddql90zv2tw9sl0xvwg300000gn/T/chromatic--9705-6MwGQtA3yfNF/assets/messages-385526f0.js                                                   0.19 kB │ gzip:   0.24 kB │ map:     0.47 kB
../../../../var/folders/1f/4r6ddql90zv2tw9sl0xvwg300000gn/T/chromatic--9705-6MwGQtA3yfNF/assets/useTheme-afdc40e4.js                                                   0.19 kB │ gzip:   0.18 kB │ map:     0.84 kB
../../../../var/folders/1f/4r6ddql90zv2tw9sl0xvwg300000gn/T/chromatic--9705-6MwGQtA3yfNF/assets/index-d475d2ea.js                                                      0.21 kB │ gzip:   0.16 kB │ map:     0.83 kB
../../../../var/folders/1f/4r6ddql90zv2tw9sl0xvwg300000gn/T/chromatic--9705-6MwGQtA3yfNF/assets/constants-1fd932a8.js                                                  0.26 kB │ gzip:   0.23 kB │ map:     0.85 kB
../../../../var/folders/1f/4r6ddql90zv2tw9sl0xvwg300000gn/T/chromatic--9705-6MwGQtA3yfNF/assets/useForkRef-2674f3de.js                                                 0.26 kB │ gzip:   0.23 kB │ map:     2.00 kB
../../../../var/folders/1f/4r6ddql90zv2tw9sl0xvwg300000gn/T/chromatic--9705-6MwGQtA3yfNF/assets/user-0a9c284d.js                                                       0.28 kB │ gzip:   0.22 kB │ map:     0.75 kB
../../../../var/folders/1f/4r6ddql90zv2tw9sl0xvwg300000gn/T/chromatic--9705-6MwGQtA3yfNF/assets/_commonjs-dynamic-modules-302442b1.js                                  0.30 kB │ gzip:   0.24 kB │ map:     0.12 kB
../../../../var/folders/1f/4r6ddql90zv2tw9sl0xvwg300000gn/T/chromatic--9705-6MwGQtA3yfNF/assets/ownerWindow-fbe9f185.js                                                0.32 kB │ gzip:   0.23 kB │ map:     1.68 kB
../../../../var/folders/1f/4r6ddql90zv2tw9sl0xvwg300000gn/T/chromatic--9705-6MwGQtA3yfNF/assets/apiRoutes-498d83f8.js                                                  0.38 kB │ gzip:   0.22 kB │ map:     0.83 kB
../../../../var/folders/1f/4r6ddql90zv2tw9sl0xvwg300000gn/T/chromatic--9705-6MwGQtA3yfNF/assets/assertThisInitialized-e784747a.js                                      0.42 kB │ gzip:   0.28 kB │ map:     1.70 kB
../../../../var/folders/1f/4r6ddql90zv2tw9sl0xvwg300000gn/T/chromatic--9705-6MwGQtA3yfNF/assets/useCouponList-18a2141f.js                                              0.49 kB │ gzip:   0.33 kB │ map:     1.39 kB
../../../../var/folders/1f/4r6ddql90zv2tw9sl0xvwg300000gn/T/chromatic--9705-6MwGQtA3yfNF/assets/emotion-use-insertion-effect-with-fallbacks.browser.esm-4abd396b.js    0.51 kB │ gzip:   0.36 kB │ map:     2.02 kB
../../../../var/folders/1f/4r6ddql90zv2tw9sl0xvwg300000gn/T/chromatic--9705-6MwGQtA3yfNF/assets/AccountCircle-8ef10af9.js                                              0.58 kB │ gzip:   0.41 kB │ map:     1.36 kB
../../../../var/folders/1f/4r6ddql90zv2tw9sl0xvwg300000gn/T/chromatic--9705-6MwGQtA3yfNF/assets/useControlled-3018fef0.js                                              0.62 kB │ gzip:   0.41 kB │ map:     5.30 kB
../../../../var/folders/1f/4r6ddql90zv2tw9sl0xvwg300000gn/T/chromatic--9705-6MwGQtA3yfNF/assets/index-d2fbe2c3.js                                                      0.62 kB │ gzip:   0.39 kB │ map:     4.28 kB
../../../../var/folders/1f/4r6ddql90zv2tw9sl0xvwg300000gn/T/chromatic--9705-6MwGQtA3yfNF/assets/preview-2e3527f6.js                                                    0.63 kB │ gzip:   0.41 kB │ map:     2.32 kB
../../../../var/folders/1f/4r6ddql90zv2tw9sl0xvwg300000gn/T/chromatic--9705-6MwGQtA3yfNF/assets/WithTooltip-FBT32F6Q-987bdc01.js                                       0.64 kB │ gzip:   0.38 kB │ map:     0.11 kB
../../../../var/folders/1f/4r6ddql90zv2tw9sl0xvwg300000gn/T/chromatic--9705-6MwGQtA3yfNF/assets/extendSxProp-ae349d86.js                                               0.66 kB │ gzip:   0.44 kB │ map:     2.82 kB
../../../../var/folders/1f/4r6ddql90zv2tw9sl0xvwg300000gn/T/chromatic--9705-6MwGQtA3yfNF/assets/syntaxhighlighter-QTQ2UBB4-d46be410.js                                 0.66 kB │ gzip:   0.40 kB │ map:     0.12 kB
../../../../var/folders/1f/4r6ddql90zv2tw9sl0xvwg300000gn/T/chromatic--9705-6MwGQtA3yfNF/assets/preview-5ef354f3.js                                                    0.69 kB │ gzip:   0.49 kB │ map:     3.89 kB
../../../../var/folders/1f/4r6ddql90zv2tw9sl0xvwg300000gn/T/chromatic--9705-6MwGQtA3yfNF/assets/preview-489d4838.js                                                    0.69 kB │ gzip:   0.43 kB │ map:     0.57 kB
../../../../var/folders/1f/4r6ddql90zv2tw9sl0xvwg300000gn/T/chromatic--9705-6MwGQtA3yfNF/assets/GlobalStyles-ea1f030d.js                                               0.72 kB │ gzip:   0.43 kB │ map:     4.70 kB
../../../../var/folders/1f/4r6ddql90zv2tw9sl0xvwg300000gn/T/chromatic--9705-6MwGQtA3yfNF/assets/_commonjsHelpers-042e6b4d.js                                           0.78 kB │ gzip:   0.44 kB │ map:     0.11 kB
../../../../var/folders/1f/4r6ddql90zv2tw9sl0xvwg300000gn/T/chromatic--9705-6MwGQtA3yfNF/assets/product-c23f8c9c.js                                                    0.80 kB │ gzip:   0.47 kB │ map:     0.10 kB
../../../../var/folders/1f/4r6ddql90zv2tw9sl0xvwg300000gn/T/chromatic--9705-6MwGQtA3yfNF/assets/index-356e4a49.js                                                      0.81 kB │ gzip:   0.51 kB │ map:     3.27 kB
../../../../var/folders/1f/4r6ddql90zv2tw9sl0xvwg300000gn/T/chromatic--9705-6MwGQtA3yfNF/assets/ErrorPage.stories-2110c4e3.js                                          0.84 kB │ gzip:   0.60 kB │ map:     1.00 kB
../../../../var/folders/1f/4r6ddql90zv2tw9sl0xvwg300000gn/T/chromatic--9705-6MwGQtA3yfNF/assets/preview-b1164a2e.js                                                    0.88 kB │ gzip:   0.58 kB │ map:     2.92 kB
../../../../var/folders/1f/4r6ddql90zv2tw9sl0xvwg300000gn/T/chromatic--9705-6MwGQtA3yfNF/assets/PageTitle.stories-c332edd8.js                                          0.89 kB │ gzip:   0.61 kB │ map:     0.62 kB
../../../../var/folders/1f/4r6ddql90zv2tw9sl0xvwg300000gn/T/chromatic--9705-6MwGQtA3yfNF/assets/Box-af3c4deb.js                                                        0.90 kB │ gzip:   0.54 kB │ map:     4.20 kB
../../../../var/folders/1f/4r6ddql90zv2tw9sl0xvwg300000gn/T/chromatic--9705-6MwGQtA3yfNF/assets/NotFoundPage.stories-bcf6ee95.js                                       0.90 kB │ gzip:   0.63 kB │ map:     1.16 kB
../../../../var/folders/1f/4r6ddql90zv2tw9sl0xvwg300000gn/T/chromatic--9705-6MwGQtA3yfNF/assets/jsx-runtime-94f6e698.js                                                0.97 kB │ gzip:   0.61 kB │ map:     2.31 kB
../../../../var/folders/1f/4r6ddql90zv2tw9sl0xvwg300000gn/T/chromatic--9705-6MwGQtA3yfNF/assets/useIsFocusVisible-bbf13f29.js                                          1.13 kB │ gzip:   0.63 kB │ map:     7.44 kB
../../../../var/folders/1f/4r6ddql90zv2tw9sl0xvwg300000gn/T/chromatic--9705-6MwGQtA3yfNF/assets/index-302a0035.js                                                      1.13 kB │ gzip:   0.64 kB │ map:     2.96 kB
../../../../var/folders/1f/4r6ddql90zv2tw9sl0xvwg300000gn/T/chromatic--9705-6MwGQtA3yfNF/assets/cart-739da46e.js                                                       1.26 kB │ gzip:   0.64 kB │ map:     5.56 kB
../../../../var/folders/1f/4r6ddql90zv2tw9sl0xvwg300000gn/T/chromatic--9705-6MwGQtA3yfNF/assets/PageTitle.stories-61610d1d.js                                          1.31 kB │ gzip:   0.79 kB │ map:     0.87 kB
../../../../var/folders/1f/4r6ddql90zv2tw9sl0xvwg300000gn/T/chromatic--9705-6MwGQtA3yfNF/assets/EmptyNotice.stories-ca199650.js                                        1.38 kB │ gzip:   0.87 kB │ map:     1.61 kB
../../../../var/folders/1f/4r6ddql90zv2tw9sl0xvwg300000gn/T/chromatic--9705-6MwGQtA3yfNF/assets/PageTitle.stories-cbd04cb3.js                                          1.41 kB │ gzip:   0.95 kB │ map:     1.06 kB
../../../../var/folders/1f/4r6ddql90zv2tw9sl0xvwg300000gn/T/chromatic--9705-6MwGQtA3yfNF/assets/createSvgIcon-fc16aaeb.js                                              1.54 kB │ gzip:   0.79 kB │ map:     6.22 kB
../../../../var/folders/1f/4r6ddql90zv2tw9sl0xvwg300000gn/T/chromatic--9705-6MwGQtA3yfNF/assets/chunk-OPEUWD42-a3b45fd8.js                                             1.88 kB │ gzip:   1.03 kB │ map:     8.85 kB
../../../../var/folders/1f/4r6ddql90zv2tw9sl0xvwg300000gn/T/chromatic--9705-6MwGQtA3yfNF/assets/common-339f7a22.js                                                     2.05 kB │ gzip:   1.13 kB │ map:     9.21 kB
../../../../var/folders/1f/4r6ddql90zv2tw9sl0xvwg300000gn/T/chromatic--9705-6MwGQtA3yfNF/assets/FormLabel-4072ded5.js                                                  2.11 kB │ gzip:   1.00 kB │ map:     9.25 kB
../../../../var/folders/1f/4r6ddql90zv2tw9sl0xvwg300000gn/T/chromatic--9705-6MwGQtA3yfNF/assets/react-is.production.min-a192e302.js                                    2.14 kB │ gzip:   0.80 kB │ map:     4.82 kB
../../../../var/folders/1f/4r6ddql90zv2tw9sl0xvwg300000gn/T/chromatic--9705-6MwGQtA3yfNF/assets/Paper-d33aab13.js                                                      2.16 kB │ gzip:   1.02 kB │ map:     9.67 kB
../../../../var/folders/1f/4r6ddql90zv2tw9sl0xvwg300000gn/T/chromatic--9705-6MwGQtA3yfNF/assets/Typography-7bace241.js                                                 2.23 kB │ gzip:   1.09 kB │ map:    10.26 kB
../../../../var/folders/1f/4r6ddql90zv2tw9sl0xvwg300000gn/T/chromatic--9705-6MwGQtA3yfNF/assets/InputAdornment-17bb075c.js                                             2.23 kB │ gzip:   1.14 kB │ map:    10.27 kB
../../../../var/folders/1f/4r6ddql90zv2tw9sl0xvwg300000gn/T/chromatic--9705-6MwGQtA3yfNF/assets/CategoryRadioGroup.stories-657db283.js                                 2.37 kB │ gzip:   1.25 kB │ map:     2.49 kB
../../../../var/folders/1f/4r6ddql90zv2tw9sl0xvwg300000gn/T/chromatic--9705-6MwGQtA3yfNF/assets/NavigationBar.stories-22e75079.js                                      2.52 kB │ gzip:   1.27 kB │ map:     0.12 kB
../../../../var/folders/1f/4r6ddql90zv2tw9sl0xvwg300000gn/T/chromatic--9705-6MwGQtA3yfNF/assets/TableContainer-fbf55027.js                                             2.60 kB │ gzip:   1.09 kB │ map:    15.80 kB
../../../../var/folders/1f/4r6ddql90zv2tw9sl0xvwg300000gn/T/chromatic--9705-6MwGQtA3yfNF/assets/index-d37d4223.js                                                      2.63 kB │ gzip:   1.30 kB │ map:     7.48 kB
../../../../var/folders/1f/4r6ddql90zv2tw9sl0xvwg300000gn/T/chromatic--9705-6MwGQtA3yfNF/assets/PriceRange.stories-e3c69a8f.js                                         2.65 kB │ gzip:   1.37 kB │ map:     2.25 kB
../../../../var/folders/1f/4r6ddql90zv2tw9sl0xvwg300000gn/T/chromatic--9705-6MwGQtA3yfNF/assets/Link-6473e00a.js                                                       2.74 kB │ gzip:   1.35 kB │ map:    11.97 kB
../../../../var/folders/1f/4r6ddql90zv2tw9sl0xvwg300000gn/T/chromatic--9705-6MwGQtA3yfNF/assets/IconButton-ea4850f7.js                                                 2.83 kB │ gzip:   1.25 kB │ map:    12.07 kB
../../../../var/folders/1f/4r6ddql90zv2tw9sl0xvwg300000gn/T/chromatic--9705-6MwGQtA3yfNF/assets/FormControl-c23cf079.js                                                2.87 kB │ gzip:   1.43 kB │ map:    17.32 kB
../../../../var/folders/1f/4r6ddql90zv2tw9sl0xvwg300000gn/T/chromatic--9705-6MwGQtA3yfNF/assets/SearchBar.stories-ec8cbb72.js                                          2.87 kB │ gzip:   1.49 kB │ map:     2.63 kB
../../../../var/folders/1f/4r6ddql90zv2tw9sl0xvwg300000gn/T/chromatic--9705-6MwGQtA3yfNF/assets/createSvgIcon-75bdfcfa.js                                              2.90 kB │ gzip:   1.41 kB │ map:    15.31 kB
../../../../var/folders/1f/4r6ddql90zv2tw9sl0xvwg300000gn/T/chromatic--9705-6MwGQtA3yfNF/assets/InputLabel-3401b9bb.js                                                 3.04 kB │ gzip:   1.30 kB │ map:    11.78 kB
../../../../var/folders/1f/4r6ddql90zv2tw9sl0xvwg300000gn/T/chromatic--9705-6MwGQtA3yfNF/assets/CartButtonGroup.stories-93ec13eb.js                                    3.04 kB │ gzip:   1.70 kB │ map:     4.06 kB
../../../../var/folders/1f/4r6ddql90zv2tw9sl0xvwg300000gn/T/chromatic--9705-6MwGQtA3yfNF/assets/preview-770cc08b.js                                                    3.22 kB │ gzip:   1.39 kB │ map:    10.22 kB
../../../../var/folders/1f/4r6ddql90zv2tw9sl0xvwg300000gn/T/chromatic--9705-6MwGQtA3yfNF/assets/CircularProgress-21c8439a.js                                           3.23 kB │ gzip:   1.41 kB │ map:    13.17 kB
../../../../var/folders/1f/4r6ddql90zv2tw9sl0xvwg300000gn/T/chromatic--9705-6MwGQtA3yfNF/assets/Payment.stories-144bce3e.js                                            3.58 kB │ gzip:   1.66 kB │ map:     7.04 kB
../../../../var/folders/1f/4r6ddql90zv2tw9sl0xvwg300000gn/T/chromatic--9705-6MwGQtA3yfNF/assets/ItemTable.stories-c59c0323.js                                          3.60 kB │ gzip:   1.42 kB │ map:     1.90 kB
../../../../var/folders/1f/4r6ddql90zv2tw9sl0xvwg300000gn/T/chromatic--9705-6MwGQtA3yfNF/assets/Forms.stories-15a9c9c1.js                                              3.62 kB │ gzip:   1.93 kB │ map:     5.71 kB
../../../../var/folders/1f/4r6ddql90zv2tw9sl0xvwg300000gn/T/chromatic--9705-6MwGQtA3yfNF/assets/Forms.stories-e56c21fc.js                                              3.68 kB │ gzip:   1.92 kB │ map:     5.79 kB
../../../../var/folders/1f/4r6ddql90zv2tw9sl0xvwg300000gn/T/chromatic--9705-6MwGQtA3yfNF/assets/emotion-react.browser.esm-2ca6492a.js                                  3.88 kB │ gzip:   1.64 kB │ map:    25.83 kB
../../../../var/folders/1f/4r6ddql90zv2tw9sl0xvwg300000gn/T/chromatic--9705-6MwGQtA3yfNF/assets/utils-4b4681b3.js                                                      4.38 kB │ gzip:   1.65 kB │ map:    27.11 kB
../../../../var/folders/1f/4r6ddql90zv2tw9sl0xvwg300000gn/T/chromatic--9705-6MwGQtA3yfNF/assets/ProuctInfoTableRow.stories-28a99e3f.js                                 4.46 kB │ gzip:   1.94 kB │ map:     6.54 kB
../../../../var/folders/1f/4r6ddql90zv2tw9sl0xvwg300000gn/T/chromatic--9705-6MwGQtA3yfNF/assets/TableRow-4d7fdfbf.js                                                   4.47 kB │ gzip:   1.83 kB │ map:    20.76 kB
../../../../var/folders/1f/4r6ddql90zv2tw9sl0xvwg300000gn/T/chromatic--9705-6MwGQtA3yfNF/assets/LoadingPage.stories-f0b7c104.js                                        5.31 kB │ gzip:   2.36 kB │ map:    16.95 kB
../../../../var/folders/1f/4r6ddql90zv2tw9sl0xvwg300000gn/T/chromatic--9705-6MwGQtA3yfNF/assets/index-409a41a0.js                                                      5.84 kB │ gzip:   2.28 kB │ map:    24.89 kB
../../../../var/folders/1f/4r6ddql90zv2tw9sl0xvwg300000gn/T/chromatic--9705-6MwGQtA3yfNF/assets/index-8db94870.js                                                      7.21 kB │ gzip:   2.95 kB │ map:    15.72 kB
../../../../var/folders/1f/4r6ddql90zv2tw9sl0xvwg300000gn/T/chromatic--9705-6MwGQtA3yfNF/assets/Button-faecb887.js                                                     7.42 kB │ gzip:   2.18 kB │ map:    25.25 kB
../../../../var/folders/1f/4r6ddql90zv2tw9sl0xvwg300000gn/T/chromatic--9705-6MwGQtA3yfNF/assets/preview-d8c963a4.js                                                    7.67 kB │ gzip:   1.59 kB │ map:    14.21 kB
../../../../var/folders/1f/4r6ddql90zv2tw9sl0xvwg300000gn/T/chromatic--9705-6MwGQtA3yfNF/assets/preview-2cd4e1a1.js                                                    8.00 kB │ gzip:   3.06 kB │ map:    28.15 kB
../../../../var/folders/1f/4r6ddql90zv2tw9sl0xvwg300000gn/T/chromatic--9705-6MwGQtA3yfNF/assets/index-3a4d9827.js                                                      8.53 kB │ gzip:   3.47 kB │ map:    22.46 kB
../../../../var/folders/1f/4r6ddql90zv2tw9sl0xvwg300000gn/T/chromatic--9705-6MwGQtA3yfNF/assets/RadioGroup-8ddaa793.js                                                 9.40 kB │ gzip:   3.68 kB │ map:    50.93 kB
../../../../var/folders/1f/4r6ddql90zv2tw9sl0xvwg300000gn/T/chromatic--9705-6MwGQtA3yfNF/assets/ShippingInformationForm.stories-1c739b97.js                            9.79 kB │ gzip:   3.73 kB │ map:    27.25 kB
../../../../var/folders/1f/4r6ddql90zv2tw9sl0xvwg300000gn/T/chromatic--9705-6MwGQtA3yfNF/assets/GlobalScrollAreaStyles-XIHNDKUY-4acbe5e9.js                           10.62 kB │ gzip:   2.46 kB │ map:    15.73 kB
../../../../var/folders/1f/4r6ddql90zv2tw9sl0xvwg300000gn/T/chromatic--9705-6MwGQtA3yfNF/assets/styled-4674ac49.js                                                    11.25 kB │ gzip:   5.22 kB │ map:    41.12 kB
../../../../var/folders/1f/4r6ddql90zv2tw9sl0xvwg300000gn/T/chromatic--9705-6MwGQtA3yfNF/assets/QueryClientProvider-5dd28437.js                                       11.36 kB │ gzip:   3.88 kB │ map:    49.00 kB
../../../../var/folders/1f/4r6ddql90zv2tw9sl0xvwg300000gn/T/chromatic--9705-6MwGQtA3yfNF/assets/ButtonBase-826d0612.js                                                11.46 kB │ gzip:   4.47 kB │ map:    58.35 kB
../../../../var/folders/1f/4r6ddql90zv2tw9sl0xvwg300000gn/T/chromatic--9705-6MwGQtA3yfNF/assets/AvailableUsers.stories-d835a5e8.js                                    13.47 kB │ gzip:   4.89 kB │ map:    56.90 kB
../../../../var/folders/1f/4r6ddql90zv2tw9sl0xvwg300000gn/T/chromatic--9705-6MwGQtA3yfNF/assets/OutlinedInput-d02c7eef.js                                             14.37 kB │ gzip:   5.29 kB │ map:    70.81 kB
../../../../var/folders/1f/4r6ddql90zv2tw9sl0xvwg300000gn/T/chromatic--9705-6MwGQtA3yfNF/assets/index-ea039f22.js                                                     14.61 kB │ gzip:   4.85 kB │ map:    50.74 kB
../../../../var/folders/1f/4r6ddql90zv2tw9sl0xvwg300000gn/T/chromatic--9705-6MwGQtA3yfNF/assets/Modal-430d50ef.js                                                     16.70 kB │ gzip:   6.02 kB │ map:   101.01 kB
../../../../var/folders/1f/4r6ddql90zv2tw9sl0xvwg300000gn/T/chromatic--9705-6MwGQtA3yfNF/assets/ProductCard.stories-85e0d413.js                                       20.87 kB │ gzip:   6.66 kB │ map:    86.91 kB
../../../../var/folders/1f/4r6ddql90zv2tw9sl0xvwg300000gn/T/chromatic--9705-6MwGQtA3yfNF/assets/preview-0b573777.js                                                   21.08 kB │ gzip:   7.02 kB │ map:    68.31 kB
../../../../var/folders/1f/4r6ddql90zv2tw9sl0xvwg300000gn/T/chromatic--9705-6MwGQtA3yfNF/assets/index.esm-116e5142.js                                                 22.01 kB │ gzip:   8.49 kB │ map:   135.43 kB
../../../../var/folders/1f/4r6ddql90zv2tw9sl0xvwg300000gn/T/chromatic--9705-6MwGQtA3yfNF/assets/iframe-677038f5.js                                                    24.66 kB │ gzip:   3.71 kB │ map:     9.53 kB
../../../../var/folders/1f/4r6ddql90zv2tw9sl0xvwg300000gn/T/chromatic--9705-6MwGQtA3yfNF/assets/NavigationBar-5fd83dd5.js                                             26.39 kB │ gzip:   8.55 kB │ map:   116.11 kB
../../../../var/folders/1f/4r6ddql90zv2tw9sl0xvwg300000gn/T/chromatic--9705-6MwGQtA3yfNF/assets/Color-3YIJY6X7-0f5d1439.js                                            31.25 kB │ gzip:  11.88 kB │ map:   112.81 kB
../../../../var/folders/1f/4r6ddql90zv2tw9sl0xvwg300000gn/T/chromatic--9705-6MwGQtA3yfNF/assets/TextField-9b3afa5a.js                                                 33.12 kB │ gzip:  10.89 kB │ map:   189.83 kB
../../../../var/folders/1f/4r6ddql90zv2tw9sl0xvwg300000gn/T/chromatic--9705-6MwGQtA3yfNF/assets/useThemeProps-c682b137.js                                             37.88 kB │ gzip:  14.41 kB │ map:   221.05 kB
../../../../var/folders/1f/4r6ddql90zv2tw9sl0xvwg300000gn/T/chromatic--9705-6MwGQtA3yfNF/assets/preview-444d9684.js                                                   43.18 kB │ gzip:  12.96 kB │ map:   142.58 kB
../../../../var/folders/1f/4r6ddql90zv2tw9sl0xvwg300000gn/T/chromatic--9705-6MwGQtA3yfNF/assets/reactQuery-b592aee3.js                                                44.57 kB │ gzip:  16.34 kB │ map:   203.42 kB
../../../../var/folders/1f/4r6ddql90zv2tw9sl0xvwg300000gn/T/chromatic--9705-6MwGQtA3yfNF/assets/index-78185362.js                                                     46.74 kB │ gzip:  16.24 kB │ map:   286.03 kB
../../../../var/folders/1f/4r6ddql90zv2tw9sl0xvwg300000gn/T/chromatic--9705-6MwGQtA3yfNF/assets/OverlayScrollbars-VAV6LJAB-26b6fd5f.js                                59.20 kB │ gzip:  25.55 kB │ map:   277.74 kB
../../../../var/folders/1f/4r6ddql90zv2tw9sl0xvwg300000gn/T/chromatic--9705-6MwGQtA3yfNF/assets/ProductInfoArea.stories-f35e4f29.js                                   76.43 kB │ gzip:  23.97 kB │ map:   281.18 kB
../../../../var/folders/1f/4r6ddql90zv2tw9sl0xvwg300000gn/T/chromatic--9705-6MwGQtA3yfNF/assets/_getPrototype-d883cfb7.js                                             78.78 kB │ gzip:  23.81 kB │ map:   326.53 kB
../../../../var/folders/1f/4r6ddql90zv2tw9sl0xvwg300000gn/T/chromatic--9705-6MwGQtA3yfNF/assets/index-8ce4a492.js                                                    134.11 kB │ gzip:  43.25 kB │ map:   328.86 kB
../../../../var/folders/1f/4r6ddql90zv2tw9sl0xvwg300000gn/T/chromatic--9705-6MwGQtA3yfNF/assets/config-5f6e09f1.js                                                   214.19 kB │ gzip:  67.36 kB │ map:   807.64 kB
../../../../var/folders/1f/4r6ddql90zv2tw9sl0xvwg300000gn/T/chromatic--9705-6MwGQtA3yfNF/assets/index-ce0d2d58.js                                                    289.98 kB │ gzip:  71.21 kB │ map: 1,082.39 kB
../../../../var/folders/1f/4r6ddql90zv2tw9sl0xvwg300000gn/T/chromatic--9705-6MwGQtA3yfNF/assets/index-2ebb3fc7.js                                                    342.03 kB │ gzip: 105.57 kB │ map: 1,427.40 kB
../../../../var/folders/1f/4r6ddql90zv2tw9sl0xvwg300000gn/T/chromatic--9705-6MwGQtA3yfNF/assets/DocsRenderer-EYKKDMVH-4ebde295.js                                    503.21 kB │ gzip: 166.67 kB │ map: 1,437.43 kB
../../../../var/folders/1f/4r6ddql90zv2tw9sl0xvwg300000gn/T/chromatic--9705-6MwGQtA3yfNF/assets/formatter-S4K5WUZV-ef0b72c1.js                                       601.84 kB │ gzip: 186.34 kB │ map: 1,318.62 kB

(!) Some chunks are larger than 500 kBs after minification. Consider:
- Using dynamic import() to code-split the application
- Use build.rollupOptions.output.manualChunks to improve chunking: https://rollupjs.org/configuration-options/#output-manualchunks
- Adjust chunk size limit for this warning via build.chunkSizeWarningLimit.
✓ built in 22.86s
info => Output directory: /var/folders/1f/4r6ddql90zv2tw9sl0xvwg300000gn/T/chromatic--9705-6MwGQtA3yfNF
